This file contains any messages produced by compilers while
running configure, to aid debugging if configure makes a mistake.

It was created by Polly configure 0.01, which was
generated by GNU Autoconf 2.67.  Invocation command line was

  $ ./configure --disable-option-checking --prefix=/usr/local --with-cloog=/home/liang/heterosim/legup-3.0/cloog/install --with-isl=/home/liang/heterosim/legup-3.0/cloog/install --cache-file=/dev/null --srcdir=.

## --------- ##
## Platform. ##
## --------- ##

hostname = liang-ThinkPad-T440s
uname -m = x86_64
uname -r = 3.16.0-46-generic
uname -s = Linux
uname -v = #62~14.04.1-Ubuntu SMP Tue Aug 11 16:27:16 UTC 2015

/usr/bin/uname -p = unknown
/bin/uname -X     = unknown

/bin/arch              = unknown
/usr/bin/arch -k       = unknown
/usr/convex/getsysinfo = unknown
/usr/bin/hostinfo      = unknown
/bin/machine           = unknown
/usr/bin/oslevel       = unknown
/bin/universe          = unknown

PATH: /usr/local/sbin
PATH: /usr/local/bin
PATH: /usr/sbin
PATH: /usr/bin
PATH: /sbin
PATH: /bin
PATH: /usr/games
PATH: /usr/local/games
PATH: ~/altera/11.1sp2/quartus/sopc_builder/bin
PATH: ~/altera/15.0/modelsim_ase/linuxaloem
PATH: ~/Downloads/legup-3.0/llvm/Release+Asserts/bin
PATH: ~/Downloads/clang+llvm-2.9-x86_64-linux/bin
PATH: ~/Dropbox/legup-3.0/llvm/Release+Asserts/bin
PATH: ~/Vivado_HLS/2015.4/bin


## ----------- ##
## Core tests. ##
## ----------- ##

configure:1936: checking for g++
configure:1952: found /usr/bin/g++
configure:1963: result: g++
configure:1990: checking for C++ compiler version
configure:1999: g++ --version >&5
g++ (Ubuntu 4.8.4-2ubuntu1~14.04.1) 4.8.4
Copyright (C) 2013 Free Software Foundation, Inc.
This is free software; see the source for copying conditions.  There is NO
warranty; not even for MERCHANTABILITY or FITNESS FOR A PARTICULAR PURPOSE.

configure:2010: $? = 0
configure:1999: g++ -v >&5
Using built-in specs.
COLLECT_GCC=g++
COLLECT_LTO_WRAPPER=/usr/lib/gcc/x86_64-linux-gnu/4.8/lto-wrapper
Target: x86_64-linux-gnu
Configured with: ../src/configure -v --with-pkgversion='Ubuntu 4.8.4-2ubuntu1~14.04.1' --with-bugurl=file:///usr/share/doc/gcc-4.8/README.Bugs --enable-languages=c,c++,java,go,d,fortran,objc,obj-c++ --prefix=/usr --program-suffix=-4.8 --enable-shared --enable-linker-build-id --libexecdir=/usr/lib --without-included-gettext --enable-threads=posix --with-gxx-include-dir=/usr/include/c++/4.8 --libdir=/usr/lib --enable-nls --with-sysroot=/ --enable-clocale=gnu --enable-libstdcxx-debug --enable-libstdcxx-time=yes --enable-gnu-unique-object --disable-libmudflap --enable-plugin --with-system-zlib --disable-browser-plugin --enable-java-awt=gtk --enable-gtk-cairo --with-java-home=/usr/lib/jvm/java-1.5.0-gcj-4.8-amd64/jre --enable-java-home --with-jvm-root-dir=/usr/lib/jvm/java-1.5.0-gcj-4.8-amd64 --with-jvm-jar-dir=/usr/lib/jvm-exports/java-1.5.0-gcj-4.8-amd64 --with-arch-directory=amd64 --with-ecj-jar=/usr/share/java/eclipse-ecj.jar --enable-objc-gc --enable-multiarch --disable-werror --with-arch-32=i686 --with-abi=m64 --with-multilib-list=m32,m64,mx32 --with-tune=generic --enable-checking=release --build=x86_64-linux-gnu --host=x86_64-linux-gnu --target=x86_64-linux-gnu
Thread model: posix
gcc version 4.8.4 (Ubuntu 4.8.4-2ubuntu1~14.04.1) 
configure:2010: $? = 0
configure:1999: g++ -V >&5
g++: error: unrecognized command line option '-V'
g++: fatal error: no input files
compilation terminated.
configure:2010: $? = 4
configure:1999: g++ -qversion >&5
g++: error: unrecognized command line option '-qversion'
g++: fatal error: no input files
compilation terminated.
configure:2010: $? = 4
configure:2030: checking whether the C++ compiler works
configure:2052: g++    conftest.cpp  >&5
configure:2056: $? = 0
configure:2104: result: yes
configure:2107: checking for C++ compiler default output file name
configure:2109: result: a.out
configure:2115: checking for suffix of executables
configure:2122: g++ -o conftest    conftest.cpp  >&5
configure:2126: $? = 0
configure:2148: result: 
configure:2170: checking whether we are cross compiling
configure:2178: g++ -o conftest    conftest.cpp  >&5
configure:2182: $? = 0
configure:2189: ./conftest
configure:2193: $? = 0
configure:2208: result: no
configure:2213: checking for suffix of object files
configure:2235: g++ -c   conftest.cpp >&5
configure:2239: $? = 0
configure:2260: result: o
configure:2264: checking whether we are using the GNU C++ compiler
configure:2283: g++ -c   conftest.cpp >&5
configure:2283: $? = 0
configure:2292: result: yes
configure:2301: checking whether g++ accepts -g
configure:2321: g++ -c -g  conftest.cpp >&5
configure:2321: $? = 0
configure:2362: result: yes
configure:2412: checking for gmp in inc_not_give_gmp, lib_not_give_gmp
configure:2426: g++ -o conftest -g -O2   conftest.cpp  -lgmp >&5
configure:2426: $? = 0
configure:2427: result: ok
configure:2491: checking for isl in /home/liang/heterosim/legup-3.0/cloog/install/include, /home/liang/heterosim/legup-3.0/cloog/install/lib
configure:2505: g++ -o conftest -I/home/liang/heterosim/legup-3.0/cloog/install/include -g -O2  -L/home/liang/heterosim/legup-3.0/cloog/install/lib  conftest.cpp  -lisl >&5
configure:2505: $? = 0
configure:2506: result: ok
configure:2572: checking for cloog in /home/liang/heterosim/legup-3.0/cloog/install/include, /home/liang/heterosim/legup-3.0/cloog/install/lib
configure:2592: g++ -o conftest -I/home/liang/heterosim/legup-3.0/cloog/install/include -g -O2 -I/home/liang/heterosim/legup-3.0/cloog/install/include  -L/home/liang/heterosim/legup-3.0/cloog/install/lib  conftest.cpp  -lcloog-isl >&5
configure:2592: $? = 0
configure:2593: result: ok
configure:2659: checking for openscop in inc_not_give_openscop, lib_not_give_openscop
configure:2673: g++ -o conftest -g -O2   conftest.cpp  -lopenscop >&5
conftest.cpp:10:27: fatal error: openscop/scop.h: No such file or directory
 #include <openscop/scop.h>
                           ^
compilation terminated.
configure:2673: $? = 1
configure: failed program was:
| /* confdefs.h */
| #define PACKAGE_NAME "Polly"
| #define PACKAGE_TARNAME "polly"
| #define PACKAGE_VERSION "0.01"
| #define PACKAGE_STRING "Polly 0.01"
| #define PACKAGE_BUGREPORT "polly-dev@googlegroups.com"
| #define PACKAGE_URL ""
| #define CLOOG_INT_GMP 1
| /* end confdefs.h.  */
| #include <openscop/scop.h>
| int
| main ()
| {
| ;
|   ;
|   return 0;
| }
configure:2692: result: not found
configure:2743: checking for scoplib in inc_not_give_scoplib, lib_not_give_scoplib
configure:2757: g++ -o conftest -g -O2   conftest.cpp  -lscoplib >&5
conftest.cpp:10:26: fatal error: scoplib/scop.h: No such file or directory
 #include <scoplib/scop.h>
                          ^
compilation terminated.
configure:2757: $? = 1
configure: failed program was:
| /* confdefs.h */
| #define PACKAGE_NAME "Polly"
| #define PACKAGE_TARNAME "polly"
| #define PACKAGE_VERSION "0.01"
| #define PACKAGE_STRING "Polly 0.01"
| #define PACKAGE_BUGREPORT "polly-dev@googlegroups.com"
| #define PACKAGE_URL ""
| #define CLOOG_INT_GMP 1
| /* end confdefs.h.  */
| #include <scoplib/scop.h>
| int
| main ()
| {
| ;
|   ;
|   return 0;
| }
configure:2776: result: not found
configure:2915: creating ./config.status

## ---------------------- ##
## Running config.status. ##
## ---------------------- ##

This file was extended by Polly config.status 0.01, which was
generated by GNU Autoconf 2.67.  Invocation command line was

  CONFIG_FILES    = 
  CONFIG_HEADERS  = 
  CONFIG_LINKS    = 
  CONFIG_COMMANDS = 
  $ ./config.status 

on liang-ThinkPad-T440s

config.status:829: creating Makefile.config
config.status:829: creating Makefile.common
config.status:829: creating include/polly/Config/config.h
config.status:998: include/polly/Config/config.h is unchanged
config.status:1012: executing setup commands

## ---------------- ##
## Cache variables. ##
## ---------------- ##

ac_cv_cxx_compiler_gnu=yes
ac_cv_env_CCC_set=
ac_cv_env_CCC_value=
ac_cv_env_CPPFLAGS_set=
ac_cv_env_CPPFLAGS_value=
ac_cv_env_CXXFLAGS_set=
ac_cv_env_CXXFLAGS_value=
ac_cv_env_CXX_set=
ac_cv_env_CXX_value=
ac_cv_env_LDFLAGS_set=
ac_cv_env_LDFLAGS_value=
ac_cv_env_LIBS_set=
ac_cv_env_LIBS_value=
ac_cv_env_build_alias_set=
ac_cv_env_build_alias_value=
ac_cv_env_host_alias_set=
ac_cv_env_host_alias_value=
ac_cv_env_target_alias_set=
ac_cv_env_target_alias_value=
ac_cv_objext=o
ac_cv_prog_ac_ct_CXX=g++
ac_cv_prog_cxx_g=yes

## ----------------- ##
## Output variables. ##
## ----------------- ##

CPPFLAGS=''
CXX='g++'
CXXFLAGS='-g -O2'
DEFS='-DHAVE_CONFIG_H'
ECHO_C=''
ECHO_N='-n'
ECHO_T=''
EXEEXT=''
LDFLAGS=''
LIBOBJS=''
LIBS=''
LLVM_OBJ='/home/liang/heterosim/legup-3.0/llvm'
LLVM_SRC='/home/liang/heterosim/legup-3.0/llvm'
LTLIBOBJS=''
OBJEXT='o'
PACKAGE_BUGREPORT='polly-dev@googlegroups.com'
PACKAGE_NAME='Polly'
PACKAGE_STRING='Polly 0.01'
PACKAGE_TARNAME='polly'
PACKAGE_URL=''
PACKAGE_VERSION='0.01'
PATH_SEPARATOR=':'
SHELL='/bin/sh'
ac_ct_CXX='g++'
bindir='${exec_prefix}/bin'
build_alias=''
cloog_found='yes'
cloog_inc='-I/home/liang/heterosim/legup-3.0/cloog/install/include'
cloog_ld='-L/home/liang/heterosim/legup-3.0/cloog/install/lib'
cloog_lib='-lcloog-isl'
datadir='${datarootdir}'
datarootdir='${prefix}/share'
docdir='${datarootdir}/doc/${PACKAGE_TARNAME}'
dvidir='${docdir}'
exec_prefix='${prefix}'
gmp_found='yes'
gmp_inc=''
gmp_ld=''
gmp_lib='-lgmp'
host_alias=''
htmldir='${docdir}'
includedir='${prefix}/include'
infodir='${datarootdir}/info'
isl_found='yes'
isl_inc='-I/home/liang/heterosim/legup-3.0/cloog/install/include'
isl_ld='-L/home/liang/heterosim/legup-3.0/cloog/install/lib'
isl_lib='-lisl'
libdir='${exec_prefix}/lib'
libexecdir='${exec_prefix}/libexec'
localedir='${datarootdir}/locale'
localstatedir='${prefix}/var'
mandir='${datarootdir}/man'
oldincludedir='/usr/include'
openscop_found=''
openscop_inc=''
openscop_ld=''
openscop_lib=''
pdfdir='${docdir}'
prefix='/usr/local'
program_transform_name='s,x,x,'
psdir='${docdir}'
sbindir='${exec_prefix}/sbin'
scoplib_found=''
scoplib_inc=''
scoplib_ld=''
scoplib_lib=''
scoplib_rpath=''
sharedstatedir='${prefix}/com'
sysconfdir='${prefix}/etc'
target_alias=''

## ----------- ##
## confdefs.h. ##
## ----------- ##

/* confdefs.h */
#define PACKAGE_NAME "Polly"
#define PACKAGE_TARNAME "polly"
#define PACKAGE_VERSION "0.01"
#define PACKAGE_STRING "Polly 0.01"
#define PACKAGE_BUGREPORT "polly-dev@googlegroups.com"
#define PACKAGE_URL ""
#define CLOOG_INT_GMP 1

configure: exit 0
